Flow report for xxx33
Mon Feb 27 10:17:39 2023
Quartus Prime Version 18.0.0 Build 614 04/24/2018 SJ Standard Edition


---------------------
; Table of Contents ;
---------------------
  1. Legal Notice
  2. Flow Summary
  3. Flow Settings
  4. Flow Non-Default Global Settings
  5. Flow Elapsed Time
  6. Flow OS Summary
  7. Flow Log
  8. Flow Messages
  9. Flow Suppressed Messages



----------------
; Legal Notice ;
----------------
Copyright (C) 2018  Intel Corporation. All rights reserved.
Your use of Intel Corporation's design tools, logic functions 
and other software and tools, and its AMPP partner logic 
functions, and any output files from any of the foregoing 
(including device programming or simulation files), and any 
associated documentation or information are expressly subject 
to the terms and conditions of the Intel Program License 
Subscription Agreement, the Intel Quartus Prime License Agreement,
the Intel FPGA IP License Agreement, or other applicable license
agreement, including, without limitation, that your use is for
the sole purpose of programming logic devices manufactured by
Intel and sold by Intel or its authorized distributors.  Please
refer to the applicable agreement for further details.



+--------------------------------------------------------------------------------------+
; Flow Summary                                                                         ;
+------------------------------------+-------------------------------------------------+
; Flow Status                        ; Successful - Mon Feb 27 10:17:39 2023           ;
; Quartus Prime Version              ; 18.0.0 Build 614 04/24/2018 SJ Standard Edition ;
; Revision Name                      ; xxx33                                           ;
; Top-level Entity Name              ; Matrix_Generate_3x3_8Bit                        ;
; Family                             ; Cyclone IV GX                                   ;
; Total logic elements               ; 574 / 21,280 ( 3 % )                            ;
;     Total combinational functions  ; 388 / 21,280 ( 2 % )                            ;
;     Dedicated logic registers      ; 489 / 21,280 ( 2 % )                            ;
; Total registers                    ; 489                                             ;
; Total pins                         ; 98 / 167 ( 59 % )                               ;
; Total virtual pins                 ; 0                                               ;
; Total memory bits                  ; 1,920 / 774,144 ( < 1 % )                       ;
; Embedded Multiplier 9-bit elements ; 0 / 80 ( 0 % )                                  ;
; Total GXB Receiver Channel PCS     ; 0 / 4 ( 0 % )                                   ;
; Total GXB Receiver Channel PMA     ; 0 / 4 ( 0 % )                                   ;
; Total GXB Transmitter Channel PCS  ; 0 / 4 ( 0 % )                                   ;
; Total GXB Transmitter Channel PMA  ; 0 / 4 ( 0 % )                                   ;
; Total PLLs                         ; 0 / 4 ( 0 % )                                   ;
; Device                             ; EP4CGX22CF19C6                                  ;
; Timing Models                      ; Final                                           ;
+------------------------------------+-------------------------------------------------+


+-----------------------------------------+
; Flow Settings                           ;
+-------------------+---------------------+
; Option            ; Setting             ;
+-------------------+---------------------+
; Start date & time ; 02/27/2023 10:17:04 ;
; Main task         ; Compilation         ;
; Revision Name     ; xxx33               ;
+-------------------+---------------------+


+-------------------------------------------------------------------------------------------------------------------------------------------+
; Flow Non-Default Global Settings                                                                                                          ;
+--------------------------------------+----------------------------------------+---------------+--------------------------+----------------+
; Assignment Name                      ; Value                                  ; Default Value ; Entity Name              ; Section Id     ;
+--------------------------------------+----------------------------------------+---------------+--------------------------+----------------+
; COMPILER_SIGNATURE_ID                ; 1096358812638.167746422404064          ; --            ; --                       ; --             ;
; EDA_DESIGN_INSTANCE_NAME             ; uu                                     ; --            ; --                       ; tb_3x3         ;
; EDA_NATIVELINK_SIMULATION_TEST_BENCH ; tb_3x3                                 ; --            ; --                       ; eda_simulation ;
; EDA_OUTPUT_DATA_FORMAT               ; Verilog Hdl                            ; --            ; --                       ; eda_simulation ;
; EDA_SIMULATION_TOOL                  ; ModelSim-Altera (Verilog)              ; <None>        ; --                       ; --             ;
; EDA_TEST_BENCH_ENABLE_STATUS         ; TEST_BENCH_MODE                        ; --            ; --                       ; eda_simulation ;
; EDA_TEST_BENCH_FILE                  ; tb_3x3.v                               ; --            ; --                       ; tb_3x3         ;
; EDA_TEST_BENCH_MODULE_NAME           ; tb_3x3                                 ; --            ; --                       ; tb_3x3         ;
; EDA_TEST_BENCH_NAME                  ; tb_3x3                                 ; --            ; --                       ; eda_simulation ;
; EDA_TIME_SCALE                       ; 1 ps                                   ; --            ; --                       ; eda_simulation ;
; MISC_FILE                            ; shift8bit_64_bb.v                      ; --            ; --                       ; --             ;
; PARTITION_COLOR                      ; -- (Not supported for targeted family) ; --            ; Matrix_Generate_3x3_8Bit ; Top            ;
; PARTITION_FITTER_PRESERVATION_LEVEL  ; -- (Not supported for targeted family) ; --            ; Matrix_Generate_3x3_8Bit ; Top            ;
; PARTITION_NETLIST_TYPE               ; -- (Not supported for targeted family) ; --            ; Matrix_Generate_3x3_8Bit ; Top            ;
; PROJECT_OUTPUT_DIRECTORY             ; output_files                           ; --            ; --                       ; --             ;
; TOP_LEVEL_ENTITY                     ; Matrix_Generate_3x3_8Bit               ; xxx33         ; --                       ; --             ;
+--------------------------------------+----------------------------------------+---------------+--------------------------+----------------+


+--------------------------------------------------------------------------------------------------------------------------+
; Flow Elapsed Time                                                                                                        ;
+----------------------+--------------+-------------------------+---------------------+------------------------------------+
; Module Name          ; Elapsed Time ; Average Processors Used ; Peak Virtual Memory ; Total CPU Time (on all processors) ;
+----------------------+--------------+-------------------------+---------------------+------------------------------------+
; Analysis & Synthesis ; 00:00:15     ; 1.0                     ; 4871 MB             ; 00:00:23                           ;
; Fitter               ; 00:00:10     ; 1.0                     ; 5782 MB             ; 00:00:13                           ;
; Assembler            ; 00:00:02     ; 1.0                     ; 4751 MB             ; 00:00:01                           ;
; Timing Analyzer      ; 00:00:02     ; 1.1                     ; 4798 MB             ; 00:00:02                           ;
; EDA Netlist Writer   ; 00:00:02     ; 1.0                     ; 4719 MB             ; 00:00:02                           ;
; Total                ; 00:00:31     ; --                      ; --                  ; 00:00:41                           ;
+----------------------+--------------+-------------------------+---------------------+------------------------------------+


+------------------------------------------------------------------------------------+
; Flow OS Summary                                                                    ;
+----------------------+------------------+------------+------------+----------------+
; Module Name          ; Machine Hostname ; OS Name    ; OS Version ; Processor type ;
+----------------------+------------------+------------+------------+----------------+
; Analysis & Synthesis ; LAPTOP-B5LJEKUQ  ; Windows 10 ; 10.0       ; x86_64         ;
; Fitter               ; LAPTOP-B5LJEKUQ  ; Windows 10 ; 10.0       ; x86_64         ;
; Assembler            ; LAPTOP-B5LJEKUQ  ; Windows 10 ; 10.0       ; x86_64         ;
; Timing Analyzer      ; LAPTOP-B5LJEKUQ  ; Windows 10 ; 10.0       ; x86_64         ;
; EDA Netlist Writer   ; LAPTOP-B5LJEKUQ  ; Windows 10 ; 10.0       ; x86_64         ;
+----------------------+------------------+------------+------------+----------------+


------------
; Flow Log ;
------------
quartus_map --read_settings_files=on --write_settings_files=off xxx33 -c xxx33
quartus_fit --read_settings_files=off --write_settings_files=off xxx33 -c xxx33
quartus_asm --read_settings_files=off --write_settings_files=off xxx33 -c xxx33
quartus_sta xxx33 -c xxx33
quartus_eda --read_settings_files=off --write_settings_files=off xxx33 -c xxx33



